*** Using Compiler 'V5.06 update 6 (build 750)', folder: 'D:\Program Files (x86)\Keil_v5\ARM\ARMCC\Bin'
Rebuild target 'LED'
assembling startup_stm32f10x_cl.s...
compiling os_core.c...
compiling os_flag.c...
compiling core_cm3.c...
compiling stm32f10x_rcc.c...
compiling misc.c...
compiling hw_config.c...
compiling system_stm32f10x.c...
compiling main.c...
compiling stm32f10x_it.c...
compiling stm32f10x_gpio.c...
compiling stm32f10x_usart.c...
compiling stm32f10x_flash.c...
compiling os_mem.c...
compiling os_mbox.c...
assembling cpu_a.asm...
assembling os_cpu_a.asm...
compiling os_dbg.c...
compiling os_mutex.c...
compiling os_sem.c...
compiling os_cpu_c.c...
compiling os_time.c...
compiling os_q.c...
compiling os_tmr.c...
compiling os_task.c...
linking...
Program Size: Code=6038 RO-data=626 RW-data=120 ZI-data=8120  
FromELF: creating hex file...
".\Obj\LED.axf" - 0 Error(s), 0 Warning(s).
Build Time Elapsed:  00:00:02
